mode: set
github.com/drae/templatedsecret-controller/pkg/expansion/expand.go:17.36,19.2 1 1
github.com/drae/templatedsecret-controller/pkg/expansion/expand.go:25.71,26.35 1 1
github.com/drae/templatedsecret-controller/pkg/expansion/expand.go:26.35,27.32 1 1
github.com/drae/templatedsecret-controller/pkg/expansion/expand.go:27.32,29.10 2 1
github.com/drae/templatedsecret-controller/pkg/expansion/expand.go:29.10,31.5 1 1
github.com/drae/templatedsecret-controller/pkg/expansion/expand.go:34.3,34.25 1 1
github.com/drae/templatedsecret-controller/pkg/expansion/expand.go:41.63,44.49 3 1
github.com/drae/templatedsecret-controller/pkg/expansion/expand.go:44.49,45.57 1 1
github.com/drae/templatedsecret-controller/pkg/expansion/expand.go:45.57,54.13 3 1
github.com/drae/templatedsecret-controller/pkg/expansion/expand.go:54.13,59.5 1 1
github.com/drae/templatedsecret-controller/pkg/expansion/expand.go:59.10,62.5 1 1
github.com/drae/templatedsecret-controller/pkg/expansion/expand.go:66.4,69.27 2 1
github.com/drae/templatedsecret-controller/pkg/expansion/expand.go:75.2,75.42 1 1
github.com/drae/templatedsecret-controller/pkg/expansion/expand.go:84.60,85.18 1 1
github.com/drae/templatedsecret-controller/pkg/expansion/expand.go:86.16,88.30 1 1
github.com/drae/templatedsecret-controller/pkg/expansion/expand.go:89.23,91.35 1 1
github.com/drae/templatedsecret-controller/pkg/expansion/expand.go:91.35,92.35 1 1
github.com/drae/templatedsecret-controller/pkg/expansion/expand.go:92.35,94.5 1 1
github.com/drae/templatedsecret-controller/pkg/expansion/expand.go:98.3,98.62 1 1
github.com/drae/templatedsecret-controller/pkg/expansion/expand.go:99.10,103.57 1 1
github.com/drae/templatedsecret-controller/pkg/client/clientset/versioned/typed/templatedsecret/v1alpha1/fake/fake_templatedsecret_client.go:19.100,21.2 1 0
github.com/drae/templatedsecret-controller/pkg/client/clientset/versioned/typed/templatedsecret/v1alpha1/fake/fake_templatedsecret_client.go:25.61,28.2 2 0
github.com/drae/templatedsecret-controller/pkg/client/clientset/versioned/typed/templatedsecret/v1alpha1/fake/fake_secrettemplate.go:21.118,28.36 1 0
github.com/drae/templatedsecret-controller/pkg/client/clientset/versioned/typed/templatedsecret/v1alpha1/fake/fake_secrettemplate.go:28.36,28.73 1 0
github.com/drae/templatedsecret-controller/pkg/client/clientset/versioned/typed/templatedsecret/v1alpha1/fake/fake_secrettemplate.go:29.40,29.81 1 0
github.com/drae/templatedsecret-controller/pkg/client/clientset/versioned/typed/templatedsecret/v1alpha1/fake/fake_secrettemplate.go:30.48,30.79 1 0
github.com/drae/templatedsecret-controller/pkg/client/clientset/versioned/typed/templatedsecret/v1alpha1/fake/fake_secrettemplate.go:31.71,33.5 1 0
github.com/drae/templatedsecret-controller/pkg/client/clientset/versioned/typed/templatedsecret/v1alpha1/fake/fake_secrettemplate.go:34.78,36.5 1 0
github.com/drae/templatedsecret-controller/pkg/client/informers/externalversions/templatedsecret/interface.go:27.140,29.2 1 0
github.com/drae/templatedsecret-controller/pkg/client/informers/externalversions/templatedsecret/interface.go:32.47,34.2 1 0
github.com/drae/templatedsecret-controller/pkg/client/clientset/versioned/typed/templatedsecret/v1alpha1/templatedsecret_client.go:27.93,29.2 1 0
github.com/drae/templatedsecret-controller/pkg/client/clientset/versioned/typed/templatedsecret/v1alpha1/templatedsecret_client.go:34.69,36.51 2 0
github.com/drae/templatedsecret-controller/pkg/client/clientset/versioned/typed/templatedsecret/v1alpha1/templatedsecret_client.go:36.51,38.3 1 0
github.com/drae/templatedsecret-controller/pkg/client/clientset/versioned/typed/templatedsecret/v1alpha1/templatedsecret_client.go:39.2,40.16 2 0
github.com/drae/templatedsecret-controller/pkg/client/clientset/versioned/typed/templatedsecret/v1alpha1/templatedsecret_client.go:40.16,42.3 1 0
github.com/drae/templatedsecret-controller/pkg/client/clientset/versioned/typed/templatedsecret/v1alpha1/templatedsecret_client.go:43.2,43.51 1 0
github.com/drae/templatedsecret-controller/pkg/client/clientset/versioned/typed/templatedsecret/v1alpha1/templatedsecret_client.go:48.94,50.51 2 0
github.com/drae/templatedsecret-controller/pkg/client/clientset/versioned/typed/templatedsecret/v1alpha1/templatedsecret_client.go:50.51,52.3 1 0
github.com/drae/templatedsecret-controller/pkg/client/clientset/versioned/typed/templatedsecret/v1alpha1/templatedsecret_client.go:53.2,54.16 2 0
github.com/drae/templatedsecret-controller/pkg/client/clientset/versioned/typed/templatedsecret/v1alpha1/templatedsecret_client.go:54.16,56.3 1 0
github.com/drae/templatedsecret-controller/pkg/client/clientset/versioned/typed/templatedsecret/v1alpha1/templatedsecret_client.go:57.2,57.46 1 0
github.com/drae/templatedsecret-controller/pkg/client/clientset/versioned/typed/templatedsecret/v1alpha1/templatedsecret_client.go:62.65,64.16 2 0
github.com/drae/templatedsecret-controller/pkg/client/clientset/versioned/typed/templatedsecret/v1alpha1/templatedsecret_client.go:64.16,65.13 1 0
github.com/drae/templatedsecret-controller/pkg/client/clientset/versioned/typed/templatedsecret/v1alpha1/templatedsecret_client.go:67.2,67.15 1 0
github.com/drae/templatedsecret-controller/pkg/client/clientset/versioned/typed/templatedsecret/v1alpha1/templatedsecret_client.go:71.53,73.2 1 0
github.com/drae/templatedsecret-controller/pkg/client/clientset/versioned/typed/templatedsecret/v1alpha1/templatedsecret_client.go:75.51,81.28 5 0
github.com/drae/templatedsecret-controller/pkg/client/clientset/versioned/typed/templatedsecret/v1alpha1/templatedsecret_client.go:81.28,83.3 1 0
github.com/drae/templatedsecret-controller/pkg/client/clientset/versioned/typed/templatedsecret/v1alpha1/templatedsecret_client.go:85.2,85.12 1 0
github.com/drae/templatedsecret-controller/pkg/client/clientset/versioned/typed/templatedsecret/v1alpha1/templatedsecret_client.go:90.63,91.14 1 0
github.com/drae/templatedsecret-controller/pkg/client/clientset/versioned/typed/templatedsecret/v1alpha1/templatedsecret_client.go:91.14,93.3 1 0
github.com/drae/templatedsecret-controller/pkg/client/clientset/versioned/typed/templatedsecret/v1alpha1/templatedsecret_client.go:94.2,94.21 1 0
github.com/drae/templatedsecret-controller/pkg/client/clientset/versioned/typed/templatedsecret/v1alpha1/secrettemplate.go:47.88,54.45 1 0
github.com/drae/templatedsecret-controller/pkg/client/clientset/versioned/typed/templatedsecret/v1alpha1/secrettemplate.go:54.45,54.91 1 0
github.com/drae/templatedsecret-controller/pkg/client/clientset/versioned/typed/templatedsecret/v1alpha1/secrettemplate.go:55.49,55.99 1 0
github.com/drae/templatedsecret-controller/pkg/client/clientset/versioned/scheme/register.go:41.13,44.2 2 0
github.com/drae/templatedsecret-controller/pkg/client/informers/externalversions/factory.go:47.92,48.69 1 0
github.com/drae/templatedsecret-controller/pkg/client/informers/externalversions/factory.go:48.69,49.34 1 0
github.com/drae/templatedsecret-controller/pkg/client/informers/externalversions/factory.go:49.34,51.4 1 0
github.com/drae/templatedsecret-controller/pkg/client/informers/externalversions/factory.go:52.3,52.17 1 0
github.com/drae/templatedsecret-controller/pkg/client/informers/externalversions/factory.go:57.106,58.69 1 0
github.com/drae/templatedsecret-controller/pkg/client/informers/externalversions/factory.go:58.69,61.3 2 0
github.com/drae/templatedsecret-controller/pkg/client/informers/externalversions/factory.go:65.59,66.69 1 0
github.com/drae/templatedsecret-controller/pkg/client/informers/externalversions/factory.go:66.69,69.3 2 0
github.com/drae/templatedsecret-controller/pkg/client/informers/externalversions/factory.go:73.72,74.69 1 0
github.com/drae/templatedsecret-controller/pkg/client/informers/externalversions/factory.go:74.69,77.3 2 0
github.com/drae/templatedsecret-controller/pkg/client/informers/externalversions/factory.go:81.110,83.2 1 0
github.com/drae/templatedsecret-controller/pkg/client/informers/externalversions/factory.go:89.194,91.2 1 0
github.com/drae/templatedsecret-controller/pkg/client/informers/externalversions/factory.go:94.154,105.30 2 0
github.com/drae/templatedsecret-controller/pkg/client/informers/externalversions/factory.go:105.30,107.3 1 0
github.com/drae/templatedsecret-controller/pkg/client/informers/externalversions/factory.go:109.2,109.16 1 0
github.com/drae/templatedsecret-controller/pkg/client/informers/externalversions/factory.go:112.63,116.20 3 0
github.com/drae/templatedsecret-controller/pkg/client/informers/externalversions/factory.go:116.20,118.3 1 0
github.com/drae/templatedsecret-controller/pkg/client/informers/externalversions/factory.go:120.2,120.50 1 0
github.com/drae/templatedsecret-controller/pkg/client/informers/externalversions/factory.go:120.50,121.40 1 0
github.com/drae/templatedsecret-controller/pkg/client/informers/externalversions/factory.go:121.40,127.14 3 0
github.com/drae/templatedsecret-controller/pkg/client/informers/externalversions/factory.go:127.14,130.5 2 0
github.com/drae/templatedsecret-controller/pkg/client/informers/externalversions/factory.go:131.4,131.43 1 0
github.com/drae/templatedsecret-controller/pkg/client/informers/externalversions/factory.go:136.44,143.2 4 0
github.com/drae/templatedsecret-controller/pkg/client/informers/externalversions/factory.go:145.96,146.65 1 0
github.com/drae/templatedsecret-controller/pkg/client/informers/externalversions/factory.go:146.65,151.51 4 0
github.com/drae/templatedsecret-controller/pkg/client/informers/externalversions/factory.go:151.51,152.40 1 0
github.com/drae/templatedsecret-controller/pkg/client/informers/externalversions/factory.go:152.40,154.5 1 0
github.com/drae/templatedsecret-controller/pkg/client/informers/externalversions/factory.go:156.3,156.19 1 0
github.com/drae/templatedsecret-controller/pkg/client/informers/externalversions/factory.go:159.2,160.46 2 0
github.com/drae/templatedsecret-controller/pkg/client/informers/externalversions/factory.go:160.46,162.3 1 0
github.com/drae/templatedsecret-controller/pkg/client/informers/externalversions/factory.go:163.2,163.12 1 0
github.com/drae/templatedsecret-controller/pkg/client/informers/externalversions/factory.go:168.135,174.12 5 0
github.com/drae/templatedsecret-controller/pkg/client/informers/externalversions/factory.go:174.12,176.3 1 0
github.com/drae/templatedsecret-controller/pkg/client/informers/externalversions/factory.go:178.2,179.13 2 0
github.com/drae/templatedsecret-controller/pkg/client/informers/externalversions/factory.go:179.13,181.3 1 0
github.com/drae/templatedsecret-controller/pkg/client/informers/externalversions/factory.go:183.2,187.17 4 0
github.com/drae/templatedsecret-controller/pkg/client/informers/externalversions/factory.go:248.65,250.2 1 0
github.com/drae/templatedsecret-controller/pkg/client/informers/externalversions/generic.go:30.64,32.2 1 0
github.com/drae/templatedsecret-controller/pkg/client/informers/externalversions/generic.go:35.56,37.2 1 0
github.com/drae/templatedsecret-controller/pkg/client/informers/externalversions/generic.go:41.108,42.18 1 0
github.com/drae/templatedsecret-controller/pkg/client/informers/externalversions/generic.go:44.67,45.132 1 0
github.com/drae/templatedsecret-controller/pkg/client/informers/externalversions/generic.go:49.2,49.62 1 0
github.com/drae/templatedsecret-controller/pkg/client/clientset/versioned/fake/clientset_generated.go:28.63,30.30 2 0
github.com/drae/templatedsecret-controller/pkg/client/clientset/versioned/fake/clientset_generated.go:30.30,31.36 1 0
github.com/drae/templatedsecret-controller/pkg/client/clientset/versioned/fake/clientset_generated.go:31.36,32.14 1 0
github.com/drae/templatedsecret-controller/pkg/client/clientset/versioned/fake/clientset_generated.go:36.2,39.101 4 0
github.com/drae/templatedsecret-controller/pkg/client/clientset/versioned/fake/clientset_generated.go:39.101,43.17 4 0
github.com/drae/templatedsecret-controller/pkg/client/clientset/versioned/fake/clientset_generated.go:43.17,45.4 1 0
github.com/drae/templatedsecret-controller/pkg/client/clientset/versioned/fake/clientset_generated.go:46.3,46.26 1 0
github.com/drae/templatedsecret-controller/pkg/client/clientset/versioned/fake/clientset_generated.go:49.2,49.11 1 0
github.com/drae/templatedsecret-controller/pkg/client/clientset/versioned/fake/clientset_generated.go:61.62,63.2 1 0
github.com/drae/templatedsecret-controller/pkg/client/clientset/versioned/fake/clientset_generated.go:65.53,67.2 1 0
github.com/drae/templatedsecret-controller/pkg/client/clientset/versioned/fake/clientset_generated.go:75.86,77.2 1 0
github.com/drae/templatedsecret-controller/pkg/client/clientset/versioned/fake/register.go:41.13,44.2 2 0
github.com/drae/templatedsecret-controller/pkg/client/listers/templatedsecret/v1alpha1/secrettemplate.go:33.74,35.2 1 0
github.com/drae/templatedsecret-controller/pkg/client/listers/templatedsecret/v1alpha1/secrettemplate.go:38.96,40.2 1 0
github.com/drae/templatedsecret-controller/pkg/client/clientset/versioned/clientset.go:31.86,33.2 1 0
github.com/drae/templatedsecret-controller/pkg/client/clientset/versioned/clientset.go:36.62,37.14 1 0
github.com/drae/templatedsecret-controller/pkg/client/clientset/versioned/clientset.go:37.14,39.3 1 0
github.com/drae/templatedsecret-controller/pkg/client/clientset/versioned/clientset.go:40.2,40.26 1 0
github.com/drae/templatedsecret-controller/pkg/client/clientset/versioned/clientset.go:48.55,51.39 2 0
github.com/drae/templatedsecret-controller/pkg/client/clientset/versioned/clientset.go:51.39,53.3 1 0
github.com/drae/templatedsecret-controller/pkg/client/clientset/versioned/clientset.go:56.2,57.16 2 0
github.com/drae/templatedsecret-controller/pkg/client/clientset/versioned/clientset.go:57.16,59.3 1 0
github.com/drae/templatedsecret-controller/pkg/client/clientset/versioned/clientset.go:61.2,61.62 1 0
github.com/drae/templatedsecret-controller/pkg/client/clientset/versioned/clientset.go:68.89,70.71 2 0
github.com/drae/templatedsecret-controller/pkg/client/clientset/versioned/clientset.go:70.71,71.35 1 0
github.com/drae/templatedsecret-controller/pkg/client/clientset/versioned/clientset.go:71.35,73.4 1 0
github.com/drae/templatedsecret-controller/pkg/client/clientset/versioned/clientset.go:74.3,74.120 1 0
github.com/drae/templatedsecret-controller/pkg/client/clientset/versioned/clientset.go:77.2,80.16 4 0
github.com/drae/templatedsecret-controller/pkg/client/clientset/versioned/clientset.go:80.16,82.3 1 0
github.com/drae/templatedsecret-controller/pkg/client/clientset/versioned/clientset.go:84.2,85.16 2 0
github.com/drae/templatedsecret-controller/pkg/client/clientset/versioned/clientset.go:85.16,87.3 1 0
github.com/drae/templatedsecret-controller/pkg/client/clientset/versioned/clientset.go:88.2,88.17 1 0
github.com/drae/templatedsecret-controller/pkg/client/clientset/versioned/clientset.go:93.51,95.16 2 0
github.com/drae/templatedsecret-controller/pkg/client/clientset/versioned/clientset.go:95.16,96.13 1 0
github.com/drae/templatedsecret-controller/pkg/client/clientset/versioned/clientset.go:98.2,98.11 1 0
github.com/drae/templatedsecret-controller/pkg/client/clientset/versioned/clientset.go:102.39,108.2 4 0
github.com/drae/templatedsecret-controller/pkg/apis/templatedsecret/v1alpha1/misc.go:11.53,12.19 1 0
github.com/drae/templatedsecret-controller/pkg/apis/templatedsecret/v1alpha1/misc.go:12.19,14.28 2 0
github.com/drae/templatedsecret-controller/pkg/apis/templatedsecret/v1alpha1/misc.go:14.28,16.4 1 0
github.com/drae/templatedsecret-controller/pkg/apis/templatedsecret/v1alpha1/misc.go:17.3,17.64 1 0
github.com/drae/templatedsecret-controller/pkg/apis/templatedsecret/v1alpha1/misc.go:19.2,19.12 1 0
github.com/drae/templatedsecret-controller/pkg/apis/templatedsecret/v1alpha1/register.go:20.13,21.65 1 0
github.com/drae/templatedsecret-controller/pkg/apis/templatedsecret/v1alpha1/register.go:21.65,29.3 4 0
github.com/drae/templatedsecret-controller/pkg/apis/templatedsecret/v1alpha1/register.go:32.53,34.2 1 0
github.com/drae/templatedsecret-controller/pkg/apis/templatedsecret/v1alpha1/zz_generated.deepcopy.go:17.51,20.2 2 0
github.com/drae/templatedsecret-controller/pkg/apis/templatedsecret/v1alpha1/zz_generated.deepcopy.go:23.44,24.15 1 0
github.com/drae/templatedsecret-controller/pkg/apis/templatedsecret/v1alpha1/zz_generated.deepcopy.go:24.15,26.3 1 0
github.com/drae/templatedsecret-controller/pkg/apis/templatedsecret/v1alpha1/zz_generated.deepcopy.go:27.2,29.12 3 0
github.com/drae/templatedsecret-controller/pkg/apis/templatedsecret/v1alpha1/zz_generated.deepcopy.go:33.59,35.26 2 0
github.com/drae/templatedsecret-controller/pkg/apis/templatedsecret/v1alpha1/zz_generated.deepcopy.go:35.26,39.3 3 0
github.com/drae/templatedsecret-controller/pkg/apis/templatedsecret/v1alpha1/zz_generated.deepcopy.go:40.2,40.8 1 0
github.com/drae/templatedsecret-controller/pkg/apis/templatedsecret/v1alpha1/zz_generated.deepcopy.go:44.52,45.15 1 0
github.com/drae/templatedsecret-controller/pkg/apis/templatedsecret/v1alpha1/zz_generated.deepcopy.go:45.15,47.3 1 0
github.com/drae/templatedsecret-controller/pkg/apis/templatedsecret/v1alpha1/zz_generated.deepcopy.go:48.2,50.12 3 0
github.com/drae/templatedsecret-controller/pkg/apis/templatedsecret/v1alpha1/zz_generated.deepcopy.go:54.59,58.2 3 0
github.com/drae/templatedsecret-controller/pkg/apis/templatedsecret/v1alpha1/zz_generated.deepcopy.go:61.52,62.15 1 0
github.com/drae/templatedsecret-controller/pkg/apis/templatedsecret/v1alpha1/zz_generated.deepcopy.go:62.15,64.3 1 0
github.com/drae/templatedsecret-controller/pkg/apis/templatedsecret/v1alpha1/zz_generated.deepcopy.go:65.2,67.12 3 0
github.com/drae/templatedsecret-controller/pkg/apis/templatedsecret/v1alpha1/zz_generated.deepcopy.go:71.65,74.2 2 0
github.com/drae/templatedsecret-controller/pkg/apis/templatedsecret/v1alpha1/zz_generated.deepcopy.go:77.58,78.15 1 0
github.com/drae/templatedsecret-controller/pkg/apis/templatedsecret/v1alpha1/zz_generated.deepcopy.go:78.15,80.3 1 0
github.com/drae/templatedsecret-controller/pkg/apis/templatedsecret/v1alpha1/zz_generated.deepcopy.go:81.2,83.12 3 0
github.com/drae/templatedsecret-controller/pkg/apis/templatedsecret/v1alpha1/zz_generated.deepcopy.go:87.65,89.26 2 0
github.com/drae/templatedsecret-controller/pkg/apis/templatedsecret/v1alpha1/zz_generated.deepcopy.go:89.26,92.29 3 0
github.com/drae/templatedsecret-controller/pkg/apis/templatedsecret/v1alpha1/zz_generated.deepcopy.go:92.29,94.4 1 0
github.com/drae/templatedsecret-controller/pkg/apis/templatedsecret/v1alpha1/zz_generated.deepcopy.go:96.2,96.20 1 0
github.com/drae/templatedsecret-controller/pkg/apis/templatedsecret/v1alpha1/zz_generated.deepcopy.go:96.20,99.29 3 0
github.com/drae/templatedsecret-controller/pkg/apis/templatedsecret/v1alpha1/zz_generated.deepcopy.go:99.29,101.4 1 0
github.com/drae/templatedsecret-controller/pkg/apis/templatedsecret/v1alpha1/zz_generated.deepcopy.go:103.2,104.8 2 0
github.com/drae/templatedsecret-controller/pkg/apis/templatedsecret/v1alpha1/zz_generated.deepcopy.go:108.58,109.15 1 0
github.com/drae/templatedsecret-controller/pkg/apis/templatedsecret/v1alpha1/zz_generated.deepcopy.go:109.15,111.3 1 0
github.com/drae/templatedsecret-controller/pkg/apis/templatedsecret/v1alpha1/zz_generated.deepcopy.go:112.2,114.12 3 0
github.com/drae/templatedsecret-controller/pkg/apis/templatedsecret/v1alpha1/zz_generated.deepcopy.go:118.61,123.26 5 0
github.com/drae/templatedsecret-controller/pkg/apis/templatedsecret/v1alpha1/zz_generated.deepcopy.go:123.26,126.29 3 0
github.com/drae/templatedsecret-controller/pkg/apis/templatedsecret/v1alpha1/zz_generated.deepcopy.go:126.29,128.4 1 0
github.com/drae/templatedsecret-controller/pkg/apis/templatedsecret/v1alpha1/zz_generated.deepcopy.go:130.2,132.8 3 0
github.com/drae/templatedsecret-controller/pkg/apis/templatedsecret/v1alpha1/zz_generated.deepcopy.go:136.54,137.15 1 0
github.com/drae/templatedsecret-controller/pkg/apis/templatedsecret/v1alpha1/zz_generated.deepcopy.go:137.15,139.3 1 0
github.com/drae/templatedsecret-controller/pkg/apis/templatedsecret/v1alpha1/zz_generated.deepcopy.go:140.2,142.12 3 0
github.com/drae/templatedsecret-controller/pkg/apis/templatedsecret/v1alpha1/zz_generated.deepcopy.go:146.59,147.34 1 0
github.com/drae/templatedsecret-controller/pkg/apis/templatedsecret/v1alpha1/zz_generated.deepcopy.go:147.34,149.3 1 0
github.com/drae/templatedsecret-controller/pkg/apis/templatedsecret/v1alpha1/zz_generated.deepcopy.go:150.2,150.12 1 0
github.com/drae/templatedsecret-controller/pkg/apis/templatedsecret/v1alpha1/zz_generated.deepcopy.go:154.69,158.21 4 0
github.com/drae/templatedsecret-controller/pkg/apis/templatedsecret/v1alpha1/zz_generated.deepcopy.go:158.21,161.22 3 0
github.com/drae/templatedsecret-controller/pkg/apis/templatedsecret/v1alpha1/zz_generated.deepcopy.go:161.22,163.4 1 0
github.com/drae/templatedsecret-controller/pkg/apis/templatedsecret/v1alpha1/zz_generated.deepcopy.go:165.2,165.8 1 0
github.com/drae/templatedsecret-controller/pkg/apis/templatedsecret/v1alpha1/zz_generated.deepcopy.go:169.62,170.15 1 0
github.com/drae/templatedsecret-controller/pkg/apis/templatedsecret/v1alpha1/zz_generated.deepcopy.go:170.15,172.3 1 0
github.com/drae/templatedsecret-controller/pkg/apis/templatedsecret/v1alpha1/zz_generated.deepcopy.go:173.2,175.12 3 0
github.com/drae/templatedsecret-controller/pkg/apis/templatedsecret/v1alpha1/zz_generated.deepcopy.go:179.63,180.34 1 0
github.com/drae/templatedsecret-controller/pkg/apis/templatedsecret/v1alpha1/zz_generated.deepcopy.go:180.34,182.3 1 0
github.com/drae/templatedsecret-controller/pkg/apis/templatedsecret/v1alpha1/zz_generated.deepcopy.go:183.2,183.12 1 0
github.com/drae/templatedsecret-controller/pkg/apis/templatedsecret/v1alpha1/zz_generated.deepcopy.go:187.77,189.27 2 0
github.com/drae/templatedsecret-controller/pkg/apis/templatedsecret/v1alpha1/zz_generated.deepcopy.go:189.27,192.29 3 0
github.com/drae/templatedsecret-controller/pkg/apis/templatedsecret/v1alpha1/zz_generated.deepcopy.go:192.29,194.4 1 0
github.com/drae/templatedsecret-controller/pkg/apis/templatedsecret/v1alpha1/zz_generated.deepcopy.go:196.2,196.22 1 0
github.com/drae/templatedsecret-controller/pkg/apis/templatedsecret/v1alpha1/zz_generated.deepcopy.go:196.22,199.29 3 0
github.com/drae/templatedsecret-controller/pkg/apis/templatedsecret/v1alpha1/zz_generated.deepcopy.go:199.29,201.4 1 0
github.com/drae/templatedsecret-controller/pkg/apis/templatedsecret/v1alpha1/zz_generated.deepcopy.go:203.2,203.8 1 0
github.com/drae/templatedsecret-controller/pkg/apis/templatedsecret/v1alpha1/zz_generated.deepcopy.go:207.70,208.15 1 0
github.com/drae/templatedsecret-controller/pkg/apis/templatedsecret/v1alpha1/zz_generated.deepcopy.go:208.15,210.3 1 0
github.com/drae/templatedsecret-controller/pkg/apis/templatedsecret/v1alpha1/zz_generated.deepcopy.go:211.2,213.12 3 0
github.com/drae/templatedsecret-controller/pkg/apis/templatedsecret/v1alpha1/zz_generated.deepcopy.go:217.69,219.30 2 0
github.com/drae/templatedsecret-controller/pkg/apis/templatedsecret/v1alpha1/zz_generated.deepcopy.go:219.30,223.3 3 0
github.com/drae/templatedsecret-controller/pkg/apis/templatedsecret/v1alpha1/zz_generated.deepcopy.go:224.2,224.32 1 0
github.com/drae/templatedsecret-controller/pkg/apis/templatedsecret/v1alpha1/zz_generated.deepcopy.go:224.32,228.3 3 0
github.com/drae/templatedsecret-controller/pkg/apis/templatedsecret/v1alpha1/zz_generated.deepcopy.go:229.2,229.8 1 0
github.com/drae/templatedsecret-controller/pkg/apis/templatedsecret/v1alpha1/zz_generated.deepcopy.go:233.62,234.15 1 0
github.com/drae/templatedsecret-controller/pkg/apis/templatedsecret/v1alpha1/zz_generated.deepcopy.go:234.15,236.3 1 0
github.com/drae/templatedsecret-controller/pkg/apis/templatedsecret/v1alpha1/zz_generated.deepcopy.go:237.2,239.12 3 0
github.com/drae/templatedsecret-controller/pkg/apis/templatedsecret/v1alpha1/zz_generated.deepcopy.go:243.73,248.2 4 0
github.com/drae/templatedsecret-controller/pkg/apis/templatedsecret/v1alpha1/zz_generated.deepcopy.go:251.66,252.15 1 0
github.com/drae/templatedsecret-controller/pkg/apis/templatedsecret/v1alpha1/zz_generated.deepcopy.go:252.15,254.3 1 0
github.com/drae/templatedsecret-controller/pkg/apis/templatedsecret/v1alpha1/zz_generated.deepcopy.go:255.2,257.12 3 0
github.com/drae/templatedsecret-controller/pkg/client/informers/externalversions/templatedsecret/v1alpha1/interface.go:26.140,28.2 1 0
github.com/drae/templatedsecret-controller/pkg/client/informers/externalversions/templatedsecret/v1alpha1/interface.go:31.60,33.2 1 0
github.com/drae/templatedsecret-controller/pkg/client/informers/externalversions/templatedsecret/v1alpha1/secrettemplate.go:39.157,41.2 1 0
github.com/drae/templatedsecret-controller/pkg/client/informers/externalversions/templatedsecret/v1alpha1/secrettemplate.go:46.223,49.67 1 0
github.com/drae/templatedsecret-controller/pkg/client/informers/externalversions/templatedsecret/v1alpha1/secrettemplate.go:49.67,50.32 1 0
github.com/drae/templatedsecret-controller/pkg/client/informers/externalversions/templatedsecret/v1alpha1/secrettemplate.go:50.32,52.6 1 0
github.com/drae/templatedsecret-controller/pkg/client/informers/externalversions/templatedsecret/v1alpha1/secrettemplate.go:53.5,53.95 1 0
github.com/drae/templatedsecret-controller/pkg/client/informers/externalversions/templatedsecret/v1alpha1/secrettemplate.go:55.69,56.32 1 0
github.com/drae/templatedsecret-controller/pkg/client/informers/externalversions/templatedsecret/v1alpha1/secrettemplate.go:56.32,58.6 1 0
github.com/drae/templatedsecret-controller/pkg/client/informers/externalversions/templatedsecret/v1alpha1/secrettemplate.go:59.5,59.96 1 0
github.com/drae/templatedsecret-controller/pkg/client/informers/externalversions/templatedsecret/v1alpha1/secrettemplate.go:68.132,70.2 1 0
github.com/drae/templatedsecret-controller/pkg/client/informers/externalversions/templatedsecret/v1alpha1/secrettemplate.go:72.71,74.2 1 0
github.com/drae/templatedsecret-controller/pkg/client/informers/externalversions/templatedsecret/v1alpha1/secrettemplate.go:76.82,78.2 1 0
github.com/drae/templatedsecret-controller/cmd/controller/main.go:42.13,101.2 25 0
github.com/drae/templatedsecret-controller/cmd/controller/main.go:108.143,124.16 5 0
github.com/drae/templatedsecret-controller/cmd/controller/main.go:124.16,126.3 1 0
github.com/drae/templatedsecret-controller/cmd/controller/main.go:128.2,129.16 2 0
github.com/drae/templatedsecret-controller/cmd/controller/main.go:129.16,131.3 1 0
github.com/drae/templatedsecret-controller/cmd/controller/main.go:133.2,133.12 1 0
github.com/drae/templatedsecret-controller/cmd/controller/main.go:142.78,144.2 1 0
github.com/drae/templatedsecret-controller/cmd/controller/main.go:147.66,149.2 1 0
github.com/drae/templatedsecret-controller/cmd/controller/main.go:152.75,154.2 1 0
github.com/drae/templatedsecret-controller/cmd/controller/main.go:156.62,157.16 1 0
github.com/drae/templatedsecret-controller/cmd/controller/main.go:157.16,160.3 2 0
github.com/drae/templatedsecret-controller/pkg/reconciler/secret.go:20.71,33.2 3 0
github.com/drae/templatedsecret-controller/pkg/reconciler/secret.go:35.44,35.63 1 0
github.com/drae/templatedsecret-controller/pkg/reconciler/secret.go:38.46,41.16 2 0
github.com/drae/templatedsecret-controller/pkg/reconciler/secret.go:41.16,43.3 1 0
github.com/drae/templatedsecret-controller/pkg/reconciler/secret.go:45.2,45.22 1 0
github.com/drae/templatedsecret-controller/pkg/reconciler/secret.go:45.22,47.17 2 0
github.com/drae/templatedsecret-controller/pkg/reconciler/secret.go:47.17,49.4 1 0
github.com/drae/templatedsecret-controller/pkg/reconciler/secret.go:52.2,52.12 1 0
github.com/drae/templatedsecret-controller/pkg/reconciler/secret.go:55.74,56.44 1 0
github.com/drae/templatedsecret-controller/pkg/reconciler/secret.go:56.44,57.34 1 0
github.com/drae/templatedsecret-controller/pkg/reconciler/secret.go:57.34,59.4 1 0
github.com/drae/templatedsecret-controller/pkg/reconciler/secret.go:60.3,60.51 1 0
github.com/drae/templatedsecret-controller/pkg/reconciler/secret.go:60.51,62.4 1 0
github.com/drae/templatedsecret-controller/pkg/reconciler/secret.go:65.2,65.39 1 0
github.com/drae/templatedsecret-controller/pkg/reconciler/secret.go:65.39,66.29 1 0
github.com/drae/templatedsecret-controller/pkg/reconciler/secret.go:66.29,68.4 1 0
github.com/drae/templatedsecret-controller/pkg/reconciler/secret.go:69.3,69.46 1 0
github.com/drae/templatedsecret-controller/pkg/reconciler/secret.go:69.46,71.4 1 0
github.com/drae/templatedsecret-controller/pkg/reconciler/secret.go:74.2,74.28 1 0
github.com/drae/templatedsecret-controller/pkg/reconciler/secret.go:74.28,76.3 1 0
github.com/drae/templatedsecret-controller/pkg/reconciler/secret.go:78.2,78.34 1 0
github.com/drae/templatedsecret-controller/pkg/reconciler/secret.go:78.34,82.49 3 0
github.com/drae/templatedsecret-controller/pkg/reconciler/secret.go:82.49,84.4 1 0
github.com/drae/templatedsecret-controller/pkg/reconciler/secret.go:85.3,85.26 1 0
github.com/drae/templatedsecret-controller/pkg/reconciler/secret.go:88.2,88.12 1 0
github.com/drae/templatedsecret-controller/pkg/reconciler/secret.go:92.57,93.31 1 0
github.com/drae/templatedsecret-controller/pkg/reconciler/secret.go:93.31,95.3 1 0
github.com/drae/templatedsecret-controller/pkg/reconciler/secret.go:97.2,97.31 1 0
github.com/drae/templatedsecret-controller/pkg/reconciler/secret.go:97.31,99.38 2 0
github.com/drae/templatedsecret-controller/pkg/reconciler/secret.go:99.38,101.4 1 0
github.com/drae/templatedsecret-controller/pkg/reconciler/secret.go:102.3,102.26 1 0
github.com/drae/templatedsecret-controller/pkg/reconciler/secret.go:107.69,110.2 2 0
github.com/drae/templatedsecret-controller/pkg/reconciler/secret.go:112.56,114.29 2 0
github.com/drae/templatedsecret-controller/pkg/reconciler/secret.go:114.29,116.3 1 0
github.com/drae/templatedsecret-controller/pkg/reconciler/secret.go:117.2,117.15 1 0
github.com/drae/templatedsecret-controller/pkg/reconciler/status.go:24.46,24.70 1 0
github.com/drae/templatedsecret-controller/pkg/reconciler/status.go:31.52,31.66 1 0
github.com/drae/templatedsecret-controller/pkg/reconciler/status.go:33.46,34.38 1 0
github.com/drae/templatedsecret-controller/pkg/reconciler/status.go:34.38,35.49 1 0
github.com/drae/templatedsecret-controller/pkg/reconciler/status.go:35.49,37.4 1 0
github.com/drae/templatedsecret-controller/pkg/reconciler/status.go:39.2,39.14 1 0
github.com/drae/templatedsecret-controller/pkg/reconciler/status.go:42.57,54.2 5 0
github.com/drae/templatedsecret-controller/pkg/reconciler/status.go:56.51,59.16 2 0
github.com/drae/templatedsecret-controller/pkg/reconciler/status.go:59.16,66.3 2 0
github.com/drae/templatedsecret-controller/pkg/reconciler/status.go:66.8,73.3 2 0
github.com/drae/templatedsecret-controller/pkg/reconciler/status.go:75.2,75.19 1 0
github.com/drae/templatedsecret-controller/pkg/reconciler/status.go:78.55,80.31 2 0
github.com/drae/templatedsecret-controller/pkg/reconciler/status.go:80.31,82.3 1 0
github.com/drae/templatedsecret-controller/pkg/reconciler/status.go:82.8,82.34 1 0
github.com/drae/templatedsecret-controller/pkg/reconciler/status.go:82.34,84.3 1 0
github.com/drae/templatedsecret-controller/pkg/reconciler/status.go:85.2,85.24 1 0
github.com/drae/templatedsecret-controller/pkg/reconciler/status.go:88.103,90.16 2 0
github.com/drae/templatedsecret-controller/pkg/reconciler/status.go:90.16,91.46 1 0
github.com/drae/templatedsecret-controller/pkg/reconciler/status.go:91.46,93.4 1 0
github.com/drae/templatedsecret-controller/pkg/reconciler/status.go:95.2,95.20 1 0
github.com/drae/templatedsecret-controller/pkg/reconciler/status.go:98.61,100.2 1 0
github.com/drae/templatedsecret-controller/pkg/reconciler/status.go:102.40,104.2 1 0
github.com/drae/templatedsecret-controller/pkg/tracker/tracker.go:25.28,27.2 1 1
github.com/drae/templatedsecret-controller/pkg/tracker/tracker.go:30.89,34.12 4 1
github.com/drae/templatedsecret-controller/pkg/tracker/tracker.go:34.12,37.3 2 1
github.com/drae/templatedsecret-controller/pkg/tracker/tracker.go:38.2,38.28 1 1
github.com/drae/templatedsecret-controller/pkg/tracker/tracker.go:38.28,40.3 1 1
github.com/drae/templatedsecret-controller/pkg/tracker/tracker.go:44.61,48.2 3 1
github.com/drae/templatedsecret-controller/pkg/tracker/tracker.go:51.84,55.46 4 1
github.com/drae/templatedsecret-controller/pkg/tracker/tracker.go:55.46,56.45 1 1
github.com/drae/templatedsecret-controller/pkg/tracker/tracker.go:56.45,58.4 1 1
github.com/drae/templatedsecret-controller/pkg/tracker/tracker.go:60.2,60.21 1 1
github.com/drae/templatedsecret-controller/test/e2e/e2e.go:12.47,15.2 2 0
github.com/drae/templatedsecret-controller/test/e2e/e2e.go:17.57,19.2 1 0
github.com/drae/templatedsecret-controller/test/e2e/env.go:16.33,22.2 3 1
github.com/drae/templatedsecret-controller/test/e2e/env.go:24.37,27.27 2 1
github.com/drae/templatedsecret-controller/test/e2e/env.go:27.27,29.3 1 1
github.com/drae/templatedsecret-controller/test/e2e/env.go:31.2,31.22 1 1
github.com/drae/templatedsecret-controller/test/e2e/env.go:31.22,33.3 1 1
github.com/drae/templatedsecret-controller/test/e2e/kapp.go:34.41,37.2 2 0
github.com/drae/templatedsecret-controller/test/e2e/kapp.go:39.72,40.23 1 0
github.com/drae/templatedsecret-controller/test/e2e/kapp.go:40.23,42.3 1 0
github.com/drae/templatedsecret-controller/test/e2e/kapp.go:43.2,43.17 1 0
github.com/drae/templatedsecret-controller/test/e2e/kapp.go:43.17,45.3 1 0
github.com/drae/templatedsecret-controller/test/e2e/kapp.go:46.2,46.23 1 0
github.com/drae/templatedsecret-controller/test/e2e/kapp.go:46.23,48.3 1 0
github.com/drae/templatedsecret-controller/test/e2e/kapp.go:50.2,58.30 6 0
github.com/drae/templatedsecret-controller/test/e2e/kapp.go:58.30,60.3 1 0
github.com/drae/templatedsecret-controller/test/e2e/kapp.go:60.8,62.3 1 0
github.com/drae/templatedsecret-controller/test/e2e/kapp.go:64.2,64.30 1 0
github.com/drae/templatedsecret-controller/test/e2e/kapp.go:64.30,66.3 1 0
github.com/drae/templatedsecret-controller/test/e2e/kapp.go:66.8,68.3 1 0
github.com/drae/templatedsecret-controller/test/e2e/kapp.go:70.2,70.26 1 0
github.com/drae/templatedsecret-controller/test/e2e/kapp.go:70.26,71.13 1 0
github.com/drae/templatedsecret-controller/test/e2e/kapp.go:71.13,72.11 1 0
github.com/drae/templatedsecret-controller/test/e2e/kapp.go:73.25,74.37 1 0
github.com/drae/templatedsecret-controller/test/e2e/kapp.go:79.2,82.16 3 0
github.com/drae/templatedsecret-controller/test/e2e/kapp.go:82.16,85.23 2 0
github.com/drae/templatedsecret-controller/test/e2e/kapp.go:85.23,87.4 1 0
github.com/drae/templatedsecret-controller/test/e2e/kapp.go:90.2,90.23 1 0
github.com/drae/templatedsecret-controller/test/e2e/kapp.go:93.59,95.17 2 0
github.com/drae/templatedsecret-controller/test/e2e/kapp.go:95.17,97.3 1 0
github.com/drae/templatedsecret-controller/test/e2e/kapp.go:98.2,98.62 1 0
github.com/drae/templatedsecret-controller/test/e2e/kubectl.go:21.44,24.2 2 0
github.com/drae/templatedsecret-controller/test/e2e/kubectl.go:26.75,27.23 1 0
github.com/drae/templatedsecret-controller/test/e2e/kubectl.go:27.23,29.3 1 0
github.com/drae/templatedsecret-controller/test/e2e/kubectl.go:31.2,39.26 6 0
github.com/drae/templatedsecret-controller/test/e2e/kubectl.go:39.26,40.13 1 0
github.com/drae/templatedsecret-controller/test/e2e/kubectl.go:40.13,41.11 1 0
github.com/drae/templatedsecret-controller/test/e2e/kubectl.go:42.25,43.37 1 0
github.com/drae/templatedsecret-controller/test/e2e/kubectl.go:48.2,48.30 1 0
github.com/drae/templatedsecret-controller/test/e2e/kubectl.go:48.30,50.3 1 0
github.com/drae/templatedsecret-controller/test/e2e/kubectl.go:50.8,52.3 1 0
github.com/drae/templatedsecret-controller/test/e2e/kubectl.go:54.2,57.16 3 0
github.com/drae/templatedsecret-controller/test/e2e/kubectl.go:57.16,60.23 2 0
github.com/drae/templatedsecret-controller/test/e2e/kubectl.go:60.23,62.4 1 0
github.com/drae/templatedsecret-controller/test/e2e/kubectl.go:65.2,65.29 1 0
github.com/drae/templatedsecret-controller/test/e2e/kubectl.go:68.48,70.2 1 0
github.com/drae/templatedsecret-controller/test/e2e/wait.go:15.71,17.2 1 0
github.com/drae/templatedsecret-controller/test/e2e/wait.go:19.83,25.21 4 0
github.com/drae/templatedsecret-controller/test/e2e/wait.go:25.21,28.3 2 0
github.com/drae/templatedsecret-controller/test/e2e/wait.go:30.2,30.26 1 0
github.com/drae/templatedsecret-controller/test/e2e/wait.go:30.26,33.21 3 0
github.com/drae/templatedsecret-controller/test/e2e/wait.go:33.21,35.4 1 0
github.com/drae/templatedsecret-controller/test/e2e/wait.go:36.3,36.26 1 0
github.com/drae/templatedsecret-controller/test/e2e/wait.go:39.2,40.22 2 0
github.com/drae/templatedsecret-controller/test/e2e/wait.go:43.70,49.21 4 0
github.com/drae/templatedsecret-controller/test/e2e/wait.go:49.21,52.3 2 0
github.com/drae/templatedsecret-controller/test/e2e/wait.go:54.2,54.26 1 0
github.com/drae/templatedsecret-controller/test/e2e/wait.go:54.26,56.21 2 0
github.com/drae/templatedsecret-controller/test/e2e/wait.go:56.21,58.4 1 0
github.com/drae/templatedsecret-controller/test/e2e/wait.go:59.3,59.26 1 0
github.com/drae/templatedsecret-controller/test/e2e/wait.go:62.2,62.13 1 0
github.com/drae/templatedsecret-controller/test/e2e/wait.go:65.130,68.26 2 0
github.com/drae/templatedsecret-controller/test/e2e/wait.go:68.26,73.24 4 0
github.com/drae/templatedsecret-controller/test/e2e/wait.go:73.24,75.4 1 0
github.com/drae/templatedsecret-controller/test/e2e/wait.go:76.3,76.26 1 0
github.com/drae/templatedsecret-controller/test/e2e/wait.go:79.2,80.22 2 0
github.com/drae/templatedsecret-controller/pkg/satoken/token_manager.go:36.66,38.138 1 1
github.com/drae/templatedsecret-controller/pkg/satoken/token_manager.go:38.138,40.4 1 0
github.com/drae/templatedsecret-controller/pkg/satoken/token_manager.go:41.115,43.4 1 0
github.com/drae/templatedsecret-controller/pkg/satoken/token_manager.go:48.2,49.10 2 1
github.com/drae/templatedsecret-controller/pkg/satoken/token_manager.go:75.162,80.40 3 1
github.com/drae/templatedsecret-controller/pkg/satoken/token_manager.go:80.40,82.3 1 1
github.com/drae/templatedsecret-controller/pkg/satoken/token_manager.go:84.2,85.16 2 1
github.com/drae/templatedsecret-controller/pkg/satoken/token_manager.go:85.16,86.10 1 1
github.com/drae/templatedsecret-controller/pkg/satoken/token_manager.go:87.12,88.50 1 0
github.com/drae/templatedsecret-controller/pkg/satoken/token_manager.go:89.23,90.79 1 0
github.com/drae/templatedsecret-controller/pkg/satoken/token_manager.go:91.11,93.19 2 1
github.com/drae/templatedsecret-controller/pkg/satoken/token_manager.go:97.2,98.16 2 1
github.com/drae/templatedsecret-controller/pkg/satoken/token_manager.go:101.29,104.29 3 1
github.com/drae/templatedsecret-controller/pkg/satoken/token_manager.go:104.29,105.20 1 1
github.com/drae/templatedsecret-controller/pkg/satoken/token_manager.go:105.20,107.4 1 1
github.com/drae/templatedsecret-controller/pkg/satoken/token_manager.go:111.74,116.2 4 1
github.com/drae/templatedsecret-controller/pkg/satoken/token_manager.go:118.70,122.2 3 1
github.com/drae/templatedsecret-controller/pkg/satoken/token_manager.go:124.66,126.2 1 1
github.com/drae/templatedsecret-controller/pkg/satoken/token_manager.go:129.96,135.48 2 1
github.com/drae/templatedsecret-controller/pkg/satoken/token_manager.go:135.48,137.3 1 1
github.com/drae/templatedsecret-controller/pkg/satoken/token_manager.go:139.2,139.38 1 1
github.com/drae/templatedsecret-controller/pkg/satoken/token_manager.go:139.38,144.3 4 0
github.com/drae/templatedsecret-controller/pkg/satoken/token_manager.go:145.2,150.41 5 1
github.com/drae/templatedsecret-controller/pkg/satoken/token_manager.go:150.41,152.3 1 1
github.com/drae/templatedsecret-controller/pkg/satoken/token_manager.go:155.2,155.103 1 1
github.com/drae/templatedsecret-controller/pkg/generator/generate_inputs.go:21.59,22.17 1 1
github.com/drae/templatedsecret-controller/pkg/generator/generate_inputs.go:22.17,24.3 1 1
github.com/drae/templatedsecret-controller/pkg/generator/generate_inputs.go:25.2,26.16 2 1
github.com/drae/templatedsecret-controller/pkg/generator/generate_inputs.go:26.16,28.3 1 0
github.com/drae/templatedsecret-controller/pkg/generator/generate_inputs.go:29.2,30.12 2 1
github.com/drae/templatedsecret-controller/pkg/generator/generate_inputs.go:33.64,35.16 2 0
github.com/drae/templatedsecret-controller/pkg/generator/generate_inputs.go:35.16,36.42 1 0
github.com/drae/templatedsecret-controller/pkg/generator/generate_inputs.go:39.2,40.12 2 0
github.com/drae/templatedsecret-controller/pkg/generator/generate_inputs.go:40.12,42.3 1 0
github.com/drae/templatedsecret-controller/pkg/generator/generate_inputs.go:44.2,44.34 1 0
github.com/drae/templatedsecret-controller/pkg/generator/jsonpath.go:26.75,29.16 3 1
github.com/drae/templatedsecret-controller/pkg/generator/jsonpath.go:29.16,31.3 1 0
github.com/drae/templatedsecret-controller/pkg/generator/jsonpath.go:33.2,35.16 3 1
github.com/drae/templatedsecret-controller/pkg/generator/jsonpath.go:35.16,37.3 1 1
github.com/drae/templatedsecret-controller/pkg/generator/jsonpath.go:39.2,39.17 1 1
github.com/drae/templatedsecret-controller/pkg/generator/jsonpath.go:43.42,47.36 3 1
github.com/drae/templatedsecret-controller/pkg/generator/jsonpath.go:47.36,48.29 1 1
github.com/drae/templatedsecret-controller/pkg/generator/jsonpath.go:49.20,50.41 1 1
github.com/drae/templatedsecret-controller/pkg/generator/jsonpath.go:51.21,53.51 2 1
github.com/drae/templatedsecret-controller/pkg/generator/jsonpath.go:53.51,57.5 3 1
github.com/drae/templatedsecret-controller/pkg/generator/jsonpath.go:59.4,59.39 1 1
github.com/drae/templatedsecret-controller/pkg/generator/jsonpath.go:62.2,62.16 1 1
github.com/drae/templatedsecret-controller/pkg/generator/jsonpath.go:66.55,67.25 1 1
github.com/drae/templatedsecret-controller/pkg/generator/jsonpath.go:67.25,69.3 1 0
github.com/drae/templatedsecret-controller/pkg/generator/jsonpath.go:70.2,70.60 1 1
github.com/drae/templatedsecret-controller/pkg/generator/jsonpath.go:75.41,77.2 1 1
github.com/drae/templatedsecret-controller/pkg/generator/jsonpath.go:79.28,80.20 1 1
github.com/drae/templatedsecret-controller/pkg/generator/jsonpath.go:80.20,82.3 1 1
github.com/drae/templatedsecret-controller/pkg/generator/jsonpath.go:83.2,83.21 1 1
github.com/drae/templatedsecret-controller/pkg/generator/jsonpath.go:86.27,87.17 1 1
github.com/drae/templatedsecret-controller/pkg/generator/jsonpath.go:87.17,89.3 1 1
github.com/drae/templatedsecret-controller/pkg/generator/jsonpath.go:90.2,90.20 1 1
github.com/drae/templatedsecret-controller/pkg/generator/secret_template_reconciler.go:60.143,62.2 1 1
github.com/drae/templatedsecret-controller/pkg/generator/secret_template_reconciler.go:65.90,69.110 1 0
github.com/drae/templatedsecret-controller/pkg/generator/secret_template_reconciler.go:69.110,72.4 1 0
github.com/drae/templatedsecret-controller/pkg/generator/secret_template_reconciler.go:74.2,74.16 1 0
github.com/drae/templatedsecret-controller/pkg/generator/secret_template_reconciler.go:74.16,76.3 1 0
github.com/drae/templatedsecret-controller/pkg/generator/secret_template_reconciler.go:78.2,78.12 1 0
github.com/drae/templatedsecret-controller/pkg/generator/secret_template_reconciler.go:82.120,88.70 5 1
github.com/drae/templatedsecret-controller/pkg/generator/secret_template_reconciler.go:88.70,89.29 1 0
github.com/drae/templatedsecret-controller/pkg/generator/secret_template_reconciler.go:89.29,95.4 3 0
github.com/drae/templatedsecret-controller/pkg/generator/secret_template_reconciler.go:96.3,96.33 1 0
github.com/drae/templatedsecret-controller/pkg/generator/secret_template_reconciler.go:99.2,99.45 1 1
github.com/drae/templatedsecret-controller/pkg/generator/secret_template_reconciler.go:99.45,101.3 1 0
github.com/drae/templatedsecret-controller/pkg/generator/secret_template_reconciler.go:103.2,105.49 1 1
github.com/drae/templatedsecret-controller/pkg/generator/secret_template_reconciler.go:105.49,105.93 1 1
github.com/drae/templatedsecret-controller/pkg/generator/secret_template_reconciler.go:108.2,111.73 3 1
github.com/drae/templatedsecret-controller/pkg/generator/secret_template_reconciler.go:114.136,117.16 2 1
github.com/drae/templatedsecret-controller/pkg/generator/secret_template_reconciler.go:117.16,119.3 1 1
github.com/drae/templatedsecret-controller/pkg/generator/secret_template_reconciler.go:121.2,122.16 2 1
github.com/drae/templatedsecret-controller/pkg/generator/secret_template_reconciler.go:122.16,124.3 1 1
github.com/drae/templatedsecret-controller/pkg/generator/secret_template_reconciler.go:127.2,134.81 2 1
github.com/drae/templatedsecret-controller/pkg/generator/secret_template_reconciler.go:134.81,144.71 5 1
github.com/drae/templatedsecret-controller/pkg/generator/secret_template_reconciler.go:144.71,149.4 1 0
github.com/drae/templatedsecret-controller/pkg/generator/secret_template_reconciler.go:149.9,151.4 1 1
github.com/drae/templatedsecret-controller/pkg/generator/secret_template_reconciler.go:153.3,153.87 1 1
github.com/drae/templatedsecret-controller/pkg/generator/secret_template_reconciler.go:154.17,156.3 1 0
github.com/drae/templatedsecret-controller/pkg/generator/secret_template_reconciler.go:158.2,161.48 2 1
github.com/drae/templatedsecret-controller/pkg/generator/secret_template_reconciler.go:161.48,163.3 1 1
github.com/drae/templatedsecret-controller/pkg/generator/secret_template_reconciler.go:165.2,165.32 1 1
github.com/drae/templatedsecret-controller/pkg/generator/secret_template_reconciler.go:168.119,170.153 2 1
github.com/drae/templatedsecret-controller/pkg/generator/secret_template_reconciler.go:170.153,171.29 1 0
github.com/drae/templatedsecret-controller/pkg/generator/secret_template_reconciler.go:171.29,174.4 1 0
github.com/drae/templatedsecret-controller/pkg/generator/secret_template_reconciler.go:175.3,175.56 1 0
github.com/drae/templatedsecret-controller/pkg/generator/secret_template_reconciler.go:178.2,180.79 2 1
github.com/drae/templatedsecret-controller/pkg/generator/secret_template_reconciler.go:180.79,181.29 1 1
github.com/drae/templatedsecret-controller/pkg/generator/secret_template_reconciler.go:181.29,186.4 2 0
github.com/drae/templatedsecret-controller/pkg/generator/secret_template_reconciler.go:187.3,187.63 1 1
github.com/drae/templatedsecret-controller/pkg/generator/secret_template_reconciler.go:190.2,190.12 1 0
github.com/drae/templatedsecret-controller/pkg/generator/secret_template_reconciler.go:195.147,197.50 2 1
github.com/drae/templatedsecret-controller/pkg/generator/secret_template_reconciler.go:197.50,199.17 2 1
github.com/drae/templatedsecret-controller/pkg/generator/secret_template_reconciler.go:199.17,201.4 1 0
github.com/drae/templatedsecret-controller/pkg/generator/secret_template_reconciler.go:202.3,202.15 1 1
github.com/drae/templatedsecret-controller/pkg/generator/secret_template_reconciler.go:204.2,204.15 1 1
github.com/drae/templatedsecret-controller/pkg/generator/secret_template_reconciler.go:207.154,209.16 2 1
github.com/drae/templatedsecret-controller/pkg/generator/secret_template_reconciler.go:209.16,211.3 1 0
github.com/drae/templatedsecret-controller/pkg/generator/secret_template_reconciler.go:213.2,220.15 4 1
github.com/drae/templatedsecret-controller/pkg/generator/secret_template_reconciler.go:220.15,221.48 1 1
github.com/drae/templatedsecret-controller/pkg/generator/secret_template_reconciler.go:221.48,224.42 2 1
github.com/drae/templatedsecret-controller/pkg/generator/secret_template_reconciler.go:224.42,226.5 1 1
github.com/drae/templatedsecret-controller/pkg/generator/secret_template_reconciler.go:230.2,230.67 1 1
github.com/drae/templatedsecret-controller/pkg/generator/secret_template_reconciler.go:230.67,232.131 1 1
github.com/drae/templatedsecret-controller/pkg/generator/secret_template_reconciler.go:232.131,234.4 1 1
github.com/drae/templatedsecret-controller/pkg/generator/secret_template_reconciler.go:236.3,237.17 2 1
github.com/drae/templatedsecret-controller/pkg/generator/secret_template_reconciler.go:237.17,239.4 1 1
github.com/drae/templatedsecret-controller/pkg/generator/secret_template_reconciler.go:241.3,243.82 2 1
github.com/drae/templatedsecret-controller/pkg/generator/secret_template_reconciler.go:243.82,245.4 1 1
github.com/drae/templatedsecret-controller/pkg/generator/secret_template_reconciler.go:247.3,248.69 2 1
github.com/drae/templatedsecret-controller/pkg/generator/secret_template_reconciler.go:251.2,251.36 1 1
github.com/drae/templatedsecret-controller/pkg/generator/secret_template_reconciler.go:254.152,257.16 2 1
github.com/drae/templatedsecret-controller/pkg/generator/secret_template_reconciler.go:257.16,259.3 1 0
github.com/drae/templatedsecret-controller/pkg/generator/secret_template_reconciler.go:261.2,261.83 1 1
github.com/drae/templatedsecret-controller/pkg/generator/secret_template_reconciler.go:267.67,269.2 1 1
github.com/drae/templatedsecret-controller/pkg/generator/secret_template_reconciler.go:271.98,273.16 2 1
github.com/drae/templatedsecret-controller/pkg/generator/secret_template_reconciler.go:273.16,275.3 1 1
github.com/drae/templatedsecret-controller/pkg/generator/secret_template_reconciler.go:277.2,288.17 6 1
github.com/drae/templatedsecret-controller/pkg/generator/secret_template_reconciler.go:291.116,293.21 1 1
github.com/drae/templatedsecret-controller/pkg/generator/secret_template_reconciler.go:293.21,295.3 1 0
github.com/drae/templatedsecret-controller/pkg/generator/secret_template_reconciler.go:298.2,299.16 2 1
github.com/drae/templatedsecret-controller/pkg/generator/secret_template_reconciler.go:299.16,301.3 1 1
github.com/drae/templatedsecret-controller/pkg/generator/secret_template_reconciler.go:304.2,305.16 2 1
github.com/drae/templatedsecret-controller/pkg/generator/secret_template_reconciler.go:305.16,307.3 1 1
github.com/drae/templatedsecret-controller/pkg/generator/secret_template_reconciler.go:310.2,311.16 2 1
github.com/drae/templatedsecret-controller/pkg/generator/secret_template_reconciler.go:311.16,313.3 1 1
github.com/drae/templatedsecret-controller/pkg/generator/secret_template_reconciler.go:316.2,317.16 2 1
github.com/drae/templatedsecret-controller/pkg/generator/secret_template_reconciler.go:317.16,319.3 1 1
github.com/drae/templatedsecret-controller/pkg/generator/secret_template_reconciler.go:322.2,323.16 2 1
github.com/drae/templatedsecret-controller/pkg/generator/secret_template_reconciler.go:323.16,325.3 1 1
github.com/drae/templatedsecret-controller/pkg/generator/secret_template_reconciler.go:327.2,335.8 1 1
github.com/drae/templatedsecret-controller/pkg/generator/secret_template_reconciler.go:338.100,340.39 2 1
github.com/drae/templatedsecret-controller/pkg/generator/secret_template_reconciler.go:340.39,342.17 2 1
github.com/drae/templatedsecret-controller/pkg/generator/secret_template_reconciler.go:342.17,344.4 1 1
github.com/drae/templatedsecret-controller/pkg/generator/secret_template_reconciler.go:346.3,346.47 1 1
github.com/drae/templatedsecret-controller/pkg/generator/secret_template_reconciler.go:349.2,349.30 1 1
github.com/drae/templatedsecret-controller/pkg/generator/secret_template_reconciler.go:352.105,354.39 2 1
github.com/drae/templatedsecret-controller/pkg/generator/secret_template_reconciler.go:354.39,356.17 2 1
github.com/drae/templatedsecret-controller/pkg/generator/secret_template_reconciler.go:356.17,358.4 1 1
github.com/drae/templatedsecret-controller/pkg/generator/secret_template_reconciler.go:360.3,361.17 2 1
github.com/drae/templatedsecret-controller/pkg/generator/secret_template_reconciler.go:361.17,363.4 1 0
github.com/drae/templatedsecret-controller/pkg/generator/secret_template_reconciler.go:365.3,365.34 1 1
github.com/drae/templatedsecret-controller/pkg/generator/secret_template_reconciler.go:368.2,368.30 1 1
github.com/drae/templatedsecret-controller/pkg/generator/secret_template_reconciler.go:372.110,378.39 3 1
github.com/drae/templatedsecret-controller/pkg/generator/secret_template_reconciler.go:378.39,380.17 2 1
github.com/drae/templatedsecret-controller/pkg/generator/secret_template_reconciler.go:380.17,382.4 1 1
github.com/drae/templatedsecret-controller/pkg/generator/secret_template_reconciler.go:384.3,387.73 2 1
github.com/drae/templatedsecret-controller/pkg/generator/secret_template_reconciler.go:387.73,389.18 2 0
github.com/drae/templatedsecret-controller/pkg/generator/secret_template_reconciler.go:389.18,391.13 2 0
github.com/drae/templatedsecret-controller/pkg/generator/secret_template_reconciler.go:395.3,395.35 1 1
github.com/drae/templatedsecret-controller/pkg/generator/secret_template_reconciler.go:397.2,397.30 1 1
github.com/drae/templatedsecret-controller/pkg/generator/secret_template_reconciler.go:401.76,404.37 2 1
github.com/drae/templatedsecret-controller/pkg/generator/secret_template_reconciler.go:404.37,405.63 1 1
github.com/drae/templatedsecret-controller/pkg/generator/secret_template_reconciler.go:405.63,406.69 1 1
github.com/drae/templatedsecret-controller/pkg/generator/secret_template_reconciler.go:406.69,410.5 2 1
github.com/drae/templatedsecret-controller/pkg/generator/secret_template_reconciler.go:415.2,415.27 1 1
github.com/drae/templatedsecret-controller/pkg/generator/secret_template_reconciler.go:415.27,417.3 1 1
github.com/drae/templatedsecret-controller/pkg/generator/secret_template_reconciler.go:420.2,421.36 2 1
github.com/drae/templatedsecret-controller/pkg/generator/secret_template_reconciler.go:425.36,427.34 1 0
github.com/drae/templatedsecret-controller/pkg/generator/secret_template_reconciler.go:427.34,429.3 1 0
github.com/drae/templatedsecret-controller/pkg/generator/secret_template_reconciler.go:433.2,433.16 1 0
github.com/drae/templatedsecret-controller/pkg/generator/secret_template_reconciler.go:433.16,435.3 1 0
github.com/drae/templatedsecret-controller/pkg/generator/secret_template_reconciler.go:438.2,439.50 2 0
github.com/drae/templatedsecret-controller/pkg/generator/secret_template_reconciler.go:439.50,441.3 1 0
github.com/drae/templatedsecret-controller/pkg/generator/secret_template_reconciler.go:442.2,442.22 1 0
github.com/drae/templatedsecret-controller/pkg/generator/secret_template_reconciler.go:442.22,444.3 1 0
github.com/drae/templatedsecret-controller/pkg/generator/secret_template_reconciler.go:447.2,447.43 1 0
github.com/drae/templatedsecret-controller/pkg/generator/secret_template_reconciler.go:447.43,450.52 2 0
github.com/drae/templatedsecret-controller/pkg/generator/secret_template_reconciler.go:450.52,452.4 1 0
github.com/drae/templatedsecret-controller/pkg/generator/secret_template_reconciler.go:456.2,457.19 2 0
github.com/drae/templatedsecret-controller/pkg/generator/service_account_loader.go:31.74,33.2 1 0
github.com/drae/templatedsecret-controller/pkg/generator/service_account_loader.go:36.111,38.16 2 0
github.com/drae/templatedsecret-controller/pkg/generator/service_account_loader.go:38.16,40.3 1 0
github.com/drae/templatedsecret-controller/pkg/generator/service_account_loader.go:42.2,42.45 1 0
github.com/drae/templatedsecret-controller/pkg/generator/service_account_loader.go:45.114,47.16 2 0
github.com/drae/templatedsecret-controller/pkg/generator/service_account_loader.go:47.16,49.3 1 0
github.com/drae/templatedsecret-controller/pkg/generator/service_account_loader.go:51.2,57.16 3 0
github.com/drae/templatedsecret-controller/pkg/generator/service_account_loader.go:57.16,59.3 1 0
github.com/drae/templatedsecret-controller/pkg/generator/service_account_loader.go:61.2,62.16 2 0
github.com/drae/templatedsecret-controller/pkg/generator/service_account_loader.go:62.16,64.3 1 0
github.com/drae/templatedsecret-controller/pkg/generator/service_account_loader.go:66.2,72.8 1 0
github.com/drae/templatedsecret-controller/pkg/generator/service_account_loader.go:75.50,79.25 3 0
github.com/drae/templatedsecret-controller/pkg/generator/service_account_loader.go:79.25,81.3 1 0
github.com/drae/templatedsecret-controller/pkg/generator/service_account_loader.go:82.2,82.22 1 0
github.com/drae/templatedsecret-controller/pkg/generator/service_account_loader.go:82.22,84.17 2 0
github.com/drae/templatedsecret-controller/pkg/generator/service_account_loader.go:84.17,86.4 1 0
github.com/drae/templatedsecret-controller/pkg/generator/service_account_loader.go:88.2,88.61 1 0
github.com/drae/templatedsecret-controller/pkg/generator/service_account_loader.go:88.61,90.3 1 0
github.com/drae/templatedsecret-controller/pkg/generator/service_account_loader.go:92.2,92.20 1 0
